<?xml version="1.0" encoding="UTF-8"?>
<!-- Generated by org.testng.reporters.JUnitReportReporter -->
<testsuite skipped="0" hostname="DESKTOP-5BDCR5P" name="com.herokuapp.internet.testsuite.LoginTest" tests="3" failures="0" timestamp="2022-12-13T15:50:00 GMT" time="24.947" errors="0">
  <testcase name="verifyTheUsernameErrorMessage" time="11.306" classname="com.herokuapp.internet.testsuite.LoginTest"/>
  <system-out>
    <![CDATA[Enter usernametomsmith1to username field [[ChromeDriver: chrome on WINDOWS (8277397566d813ff6f269811b9440c64)] -> id: username]
Enter password SuperSecretPassword! to password field [[ChromeDriver: chrome on WINDOWS (8277397566d813ff6f269811b9440c64)] -> id: password]
Clicking on Login Button [[ChromeDriver: chrome on WINDOWS (8277397566d813ff6f269811b9440c64)] -> xpath: //i[@class='fa fa-2x fa-sign-in']]
Getting username error message [[ChromeDriver: chrome on WINDOWS (8277397566d813ff6f269811b9440c64)] -> id: flash]
Click to see screenshot
<a target = "_blank" href=C:\Users\krupa\IdeaProjects\com-herokuapp-pagefactorymodel/test-output/html/verifyTheUsernameErrorMessageTue_Dec_13_15_49_59_GMT_2022.jpg>Screenshot</a>
<br>
<br>
<a target = "_blank" href=C:\Users\krupa\IdeaProjects\com-herokuapp-pagefactorymodel/test-output/html/verifyTheUsernameErrorMessageTue_Dec_13_15_49_59_GMT_2022.jpg><img src=C:\Users\krupa\IdeaProjects\com-herokuapp-pagefactorymodel/test-output/html/verifyTheUsernameErrorMessageTue_Dec_13_15_49_59_GMT_2022.jpg height=200 width=200></img></a>]]>
  </system-out>
  <testcase name="verifyThePasswordErrorMessage" time="6.908" classname="com.herokuapp.internet.testsuite.LoginTest"/>
  <system-out>
    <![CDATA[Enter usernametomsmithto username field [[ChromeDriver: chrome on WINDOWS (c2e41b0f17eab60a54cf5eb09b36fd0d)] -> id: username]
Enter password SuperSecretPassword to password field [[ChromeDriver: chrome on WINDOWS (c2e41b0f17eab60a54cf5eb09b36fd0d)] -> id: password]
Clicking on Login Button [[ChromeDriver: chrome on WINDOWS (c2e41b0f17eab60a54cf5eb09b36fd0d)] -> xpath: //i[@class='fa fa-2x fa-sign-in']]
Getting password error message [[ChromeDriver: chrome on WINDOWS (c2e41b0f17eab60a54cf5eb09b36fd0d)] -> id: flash]
Click to see screenshot
<a target = "_blank" href=C:\Users\krupa\IdeaProjects\com-herokuapp-pagefactorymodel/test-output/html/verifyThePasswordErrorMessageTue_Dec_13_15_49_51_GMT_2022.jpg>Screenshot</a>
<br>
<br>
<a target = "_blank" href=C:\Users\krupa\IdeaProjects\com-herokuapp-pagefactorymodel/test-output/html/verifyThePasswordErrorMessageTue_Dec_13_15_49_51_GMT_2022.jpg><img src=C:\Users\krupa\IdeaProjects\com-herokuapp-pagefactorymodel/test-output/html/verifyThePasswordErrorMessageTue_Dec_13_15_49_51_GMT_2022.jpg height=200 width=200></img></a>]]>
  </system-out>
  <testcase name="userShouldLoginSuccessfullyWithValidCredentials" time="6.733" classname="com.herokuapp.internet.testsuite.LoginTest"/>
  <system-out>
    <![CDATA[Enter usernametomsmithto username field [[ChromeDriver: chrome on WINDOWS (0d2da97cf1f689f559db4857b3678eb6)] -> id: username]
Enter password SuperSecretPassword! to password field [[ChromeDriver: chrome on WINDOWS (0d2da97cf1f689f559db4857b3678eb6)] -> id: password]
Clicking on Login Button [[ChromeDriver: chrome on WINDOWS (0d2da97cf1f689f559db4857b3678eb6)] -> xpath: //i[@class='fa fa-2x fa-sign-in']]
Getting Secure Area Test [[ChromeDriver: chrome on WINDOWS (0d2da97cf1f689f559db4857b3678eb6)] -> xpath: //div[@class='example']/h2]
Click to see screenshot
<a target = "_blank" href=C:\Users\krupa\IdeaProjects\com-herokuapp-pagefactorymodel/test-output/html/userShouldLoginSuccessfullyWithValidCredentialsTue_Dec_13_15_49_43_GMT_2022.jpg>Screenshot</a>
<br>
<br>
<a target = "_blank" href=C:\Users\krupa\IdeaProjects\com-herokuapp-pagefactorymodel/test-output/html/userShouldLoginSuccessfullyWithValidCredentialsTue_Dec_13_15_49_43_GMT_2022.jpg><img src=C:\Users\krupa\IdeaProjects\com-herokuapp-pagefactorymodel/test-output/html/userShouldLoginSuccessfullyWithValidCredentialsTue_Dec_13_15_49_43_GMT_2022.jpg height=200 width=200></img></a>]]>
  </system-out>
</testsuite> <!-- com.herokuapp.internet.testsuite.LoginTest -->
